● k3s.service - Lightweight Kubernetes
     Loaded: loaded (/etc/systemd/system/k3s.service; enabled; preset: disabled)
     Active: active (running) since Mon 2024-05-13 13:01:20 EDT; 260ms ago
       Docs: https://k3s.io
   Main PID: 5941 (k3s-server)
      Tasks: 19
     Memory: 521.4M
        CPU: 6.556s
     CGroup: /system.slice/k3s.service
             ├─5941 "/usr/local/bin/k3s server"
             └─5964 "containerd "

May 13 13:01:20 localhost.localdomain systemd[1]: Started Lightweight Kubernetes.
May 13 13:01:20 localhost.localdomain k3s[5941]: time="2024-05-13T13:01:20-04:00" level=info msg="Applying CRD addons.k3s.cattle.io"
May 13 13:01:20 localhost.localdomain k3s[5941]: time="2024-05-13T13:01:20-04:00" level=info msg="Applying CRD etcdsnapshotfiles.k3s.cattle.io"
May 13 13:01:20 localhost.localdomain k3s[5941]: I0513 13:01:20.201124    5941 handler.go:275] Adding GroupVersion k3s.cattle.io v1 to ResourceManager
May 13 13:01:20 localhost.localdomain k3s[5941]: time="2024-05-13T13:01:20-04:00" level=info msg="Applying CRD helmcharts.helm.cattle.io"
May 13 13:01:20 localhost.localdomain k3s[5941]: I0513 13:01:20.215876    5941 handler.go:275] Adding GroupVersion k3s.cattle.io v1 to ResourceManager
May 13 13:01:20 localhost.localdomain k3s[5941]: time="2024-05-13T13:01:20-04:00" level=info msg="Applying CRD helmchartconfigs.helm.cattle.io"
May 13 13:01:20 localhost.localdomain k3s[5941]: time="2024-05-13T13:01:20-04:00" level=info msg="Waiting for CRD helmcharts.helm.cattle.io to become available"
May 13 13:01:20 localhost.localdomain k3s[5941]: I0513 13:01:20.234388    5941 handler.go:275] Adding GroupVersion helm.cattle.io v1 to ResourceManager
May 13 13:01:20 localhost.localdomain k3s[5941]: I0513 13:01:20.239270    5941 handler.go:275] Adding GroupVersion helm.cattle.io v1 to ResourceManager
